<?xml version="1.0" encoding="UTF-8"?>
<testsuite xmlns:xsi="http://www.w3.org/2001/XMLSchema-instance" xsi:noNamespaceSchemaLocation="https://maven.apache.org/surefire/maven-surefire-plugin/xsd/surefire-test-report.xsd" name="com.my.start.MySpringBootStartAutoconfigurerApplicationTests" time="0.613" tests="1" errors="1" skipped="0" failures="0">
  <properties>
    <property name="sun.desktop" value="windows"/>
    <property name="awt.toolkit" value="sun.awt.windows.WToolkit"/>
    <property name="file.encoding.pkg" value="sun.io"/>
    <property name="java.specification.version" value="1.8"/>
    <property name="sun.cpu.isalist" value="amd64"/>
    <property name="sun.jnu.encoding" value="GBK"/>
    <property name="java.class.path" value="E:\EE Test\spring-boot-start\my-spring-boot-start-autoconfigurer\target\test-classes;E:\EE Test\spring-boot-start\my-spring-boot-start-autoconfigurer\target\classes;E:\四班资料\apache-maven-3.6.1-bin\apache-maven-3.6.1\repository\org\springframework\boot\spring-boot-starter\2.1.7.RELEASE\spring-boot-starter-2.1.7.RELEASE.jar;E:\四班资料\apache-maven-3.6.1-bin\apache-maven-3.6.1\repository\org\springframework\boot\spring-boot\2.1.7.RELEASE\spring-boot-2.1.7.RELEASE.jar;E:\四班资料\apache-maven-3.6.1-bin\apache-maven-3.6.1\repository\org\springframework\spring-context\5.1.9.RELEASE\spring-context-5.1.9.RELEASE.jar;E:\四班资料\apache-maven-3.6.1-bin\apache-maven-3.6.1\repository\org\springframework\spring-aop\5.1.9.RELEASE\spring-aop-5.1.9.RELEASE.jar;E:\四班资料\apache-maven-3.6.1-bin\apache-maven-3.6.1\repository\org\springframework\spring-beans\5.1.9.RELEASE\spring-beans-5.1.9.RELEASE.jar;E:\四班资料\apache-maven-3.6.1-bin\apache-maven-3.6.1\repository\org\springframework\spring-expression\5.1.9.RELEASE\spring-expression-5.1.9.RELEASE.jar;E:\四班资料\apache-maven-3.6.1-bin\apache-maven-3.6.1\repository\org\springframework\boot\spring-boot-autoconfigure\2.1.7.RELEASE\spring-boot-autoconfigure-2.1.7.RELEASE.jar;E:\四班资料\apache-maven-3.6.1-bin\apache-maven-3.6.1\repository\org\springframework\boot\spring-boot-starter-logging\2.1.7.RELEASE\spring-boot-starter-logging-2.1.7.RELEASE.jar;E:\四班资料\apache-maven-3.6.1-bin\apache-maven-3.6.1\repository\ch\qos\logback\logback-classic\1.2.3\logback-classic-1.2.3.jar;E:\四班资料\apache-maven-3.6.1-bin\apache-maven-3.6.1\repository\ch\qos\logback\logback-core\1.2.3\logback-core-1.2.3.jar;E:\四班资料\apache-maven-3.6.1-bin\apache-maven-3.6.1\repository\org\apache\logging\log4j\log4j-to-slf4j\2.11.2\log4j-to-slf4j-2.11.2.jar;E:\四班资料\apache-maven-3.6.1-bin\apache-maven-3.6.1\repository\org\apache\logging\log4j\log4j-api\2.11.2\log4j-api-2.11.2.jar;E:\四班资料\apache-maven-3.6.1-bin\apache-maven-3.6.1\repository\org\slf4j\jul-to-slf4j\1.7.26\jul-to-slf4j-1.7.26.jar;E:\四班资料\apache-maven-3.6.1-bin\apache-maven-3.6.1\repository\javax\annotation\javax.annotation-api\1.3.2\javax.annotation-api-1.3.2.jar;E:\四班资料\apache-maven-3.6.1-bin\apache-maven-3.6.1\repository\org\springframework\spring-core\5.1.9.RELEASE\spring-core-5.1.9.RELEASE.jar;E:\四班资料\apache-maven-3.6.1-bin\apache-maven-3.6.1\repository\org\springframework\spring-jcl\5.1.9.RELEASE\spring-jcl-5.1.9.RELEASE.jar;E:\四班资料\apache-maven-3.6.1-bin\apache-maven-3.6.1\repository\org\yaml\snakeyaml\1.23\snakeyaml-1.23.jar;E:\四班资料\apache-maven-3.6.1-bin\apache-maven-3.6.1\repository\org\springframework\boot\spring-boot-starter-test\2.1.7.RELEASE\spring-boot-starter-test-2.1.7.RELEASE.jar;E:\四班资料\apache-maven-3.6.1-bin\apache-maven-3.6.1\repository\org\springframework\boot\spring-boot-test\2.1.7.RELEASE\spring-boot-test-2.1.7.RELEASE.jar;E:\四班资料\apache-maven-3.6.1-bin\apache-maven-3.6.1\repository\org\springframework\boot\spring-boot-test-autoconfigure\2.1.7.RELEASE\spring-boot-test-autoconfigure-2.1.7.RELEASE.jar;E:\四班资料\apache-maven-3.6.1-bin\apache-maven-3.6.1\repository\com\jayway\jsonpath\json-path\2.4.0\json-path-2.4.0.jar;E:\四班资料\apache-maven-3.6.1-bin\apache-maven-3.6.1\repository\net\minidev\json-smart\2.3\json-smart-2.3.jar;E:\四班资料\apache-maven-3.6.1-bin\apache-maven-3.6.1\repository\net\minidev\accessors-smart\1.2\accessors-smart-1.2.jar;E:\四班资料\apache-maven-3.6.1-bin\apache-maven-3.6.1\repository\org\ow2\asm\asm\5.0.4\asm-5.0.4.jar;E:\四班资料\apache-maven-3.6.1-bin\apache-maven-3.6.1\repository\org\slf4j\slf4j-api\1.7.26\slf4j-api-1.7.26.jar;E:\四班资料\apache-maven-3.6.1-bin\apache-maven-3.6.1\repository\junit\junit\4.12\junit-4.12.jar;E:\四班资料\apache-maven-3.6.1-bin\apache-maven-3.6.1\repository\org\assertj\assertj-core\3.11.1\assertj-core-3.11.1.jar;E:\四班资料\apache-maven-3.6.1-bin\apache-maven-3.6.1\repository\org\mockito\mockito-core\2.23.4\mockito-core-2.23.4.jar;E:\四班资料\apache-maven-3.6.1-bin\apache-maven-3.6.1\repository\net\bytebuddy\byte-buddy\1.9.16\byte-buddy-1.9.16.jar;E:\四班资料\apache-maven-3.6.1-bin\apache-maven-3.6.1\repository\net\bytebuddy\byte-buddy-agent\1.9.16\byte-buddy-agent-1.9.16.jar;E:\四班资料\apache-maven-3.6.1-bin\apache-maven-3.6.1\repository\org\objenesis\objenesis\2.6\objenesis-2.6.jar;E:\四班资料\apache-maven-3.6.1-bin\apache-maven-3.6.1\repository\org\hamcrest\hamcrest-core\1.3\hamcrest-core-1.3.jar;E:\四班资料\apache-maven-3.6.1-bin\apache-maven-3.6.1\repository\org\hamcrest\hamcrest-library\1.3\hamcrest-library-1.3.jar;E:\四班资料\apache-maven-3.6.1-bin\apache-maven-3.6.1\repository\org\skyscreamer\jsonassert\1.5.0\jsonassert-1.5.0.jar;E:\四班资料\apache-maven-3.6.1-bin\apache-maven-3.6.1\repository\com\vaadin\external\google\android-json\0.0.20131108.vaadin1\android-json-0.0.20131108.vaadin1.jar;E:\四班资料\apache-maven-3.6.1-bin\apache-maven-3.6.1\repository\org\springframework\spring-test\5.1.9.RELEASE\spring-test-5.1.9.RELEASE.jar;E:\四班资料\apache-maven-3.6.1-bin\apache-maven-3.6.1\repository\org\xmlunit\xmlunit-core\2.6.3\xmlunit-core-2.6.3.jar;"/>
    <property name="java.vm.vendor" value="Oracle Corporation"/>
    <property name="sun.arch.data.model" value="64"/>
    <property name="user.variant" value=""/>
    <property name="java.vendor.url" value="http://java.oracle.com/"/>
    <property name="user.timezone" value="Asia/Shanghai"/>
    <property name="java.vm.specification.version" value="1.8"/>
    <property name="os.name" value="Windows 10"/>
    <property name="user.country" value="CN"/>
    <property name="sun.java.launcher" value="SUN_STANDARD"/>
    <property name="sun.boot.library.path" value="F:\JDK8\jre\bin"/>
    <property name="sun.java.command" value="C:\Users\ASUS\AppData\Local\Temp\surefire1216206060055460530\surefirebooter4274754462167861536.jar C:\Users\ASUS\AppData\Local\Temp\surefire1216206060055460530 2019-08-14T17-53-49_875-jvmRun1 surefire8190308498152926832tmp surefire_08022207764631828202tmp"/>
    <property name="surefire.test.class.path" value="E:\EE Test\spring-boot-start\my-spring-boot-start-autoconfigurer\target\test-classes;E:\EE Test\spring-boot-start\my-spring-boot-start-autoconfigurer\target\classes;E:\四班资料\apache-maven-3.6.1-bin\apache-maven-3.6.1\repository\org\springframework\boot\spring-boot-starter\2.1.7.RELEASE\spring-boot-starter-2.1.7.RELEASE.jar;E:\四班资料\apache-maven-3.6.1-bin\apache-maven-3.6.1\repository\org\springframework\boot\spring-boot\2.1.7.RELEASE\spring-boot-2.1.7.RELEASE.jar;E:\四班资料\apache-maven-3.6.1-bin\apache-maven-3.6.1\repository\org\springframework\spring-context\5.1.9.RELEASE\spring-context-5.1.9.RELEASE.jar;E:\四班资料\apache-maven-3.6.1-bin\apache-maven-3.6.1\repository\org\springframework\spring-aop\5.1.9.RELEASE\spring-aop-5.1.9.RELEASE.jar;E:\四班资料\apache-maven-3.6.1-bin\apache-maven-3.6.1\repository\org\springframework\spring-beans\5.1.9.RELEASE\spring-beans-5.1.9.RELEASE.jar;E:\四班资料\apache-maven-3.6.1-bin\apache-maven-3.6.1\repository\org\springframework\spring-expression\5.1.9.RELEASE\spring-expression-5.1.9.RELEASE.jar;E:\四班资料\apache-maven-3.6.1-bin\apache-maven-3.6.1\repository\org\springframework\boot\spring-boot-autoconfigure\2.1.7.RELEASE\spring-boot-autoconfigure-2.1.7.RELEASE.jar;E:\四班资料\apache-maven-3.6.1-bin\apache-maven-3.6.1\repository\org\springframework\boot\spring-boot-starter-logging\2.1.7.RELEASE\spring-boot-starter-logging-2.1.7.RELEASE.jar;E:\四班资料\apache-maven-3.6.1-bin\apache-maven-3.6.1\repository\ch\qos\logback\logback-classic\1.2.3\logback-classic-1.2.3.jar;E:\四班资料\apache-maven-3.6.1-bin\apache-maven-3.6.1\repository\ch\qos\logback\logback-core\1.2.3\logback-core-1.2.3.jar;E:\四班资料\apache-maven-3.6.1-bin\apache-maven-3.6.1\repository\org\apache\logging\log4j\log4j-to-slf4j\2.11.2\log4j-to-slf4j-2.11.2.jar;E:\四班资料\apache-maven-3.6.1-bin\apache-maven-3.6.1\repository\org\apache\logging\log4j\log4j-api\2.11.2\log4j-api-2.11.2.jar;E:\四班资料\apache-maven-3.6.1-bin\apache-maven-3.6.1\repository\org\slf4j\jul-to-slf4j\1.7.26\jul-to-slf4j-1.7.26.jar;E:\四班资料\apache-maven-3.6.1-bin\apache-maven-3.6.1\repository\javax\annotation\javax.annotation-api\1.3.2\javax.annotation-api-1.3.2.jar;E:\四班资料\apache-maven-3.6.1-bin\apache-maven-3.6.1\repository\org\springframework\spring-core\5.1.9.RELEASE\spring-core-5.1.9.RELEASE.jar;E:\四班资料\apache-maven-3.6.1-bin\apache-maven-3.6.1\repository\org\springframework\spring-jcl\5.1.9.RELEASE\spring-jcl-5.1.9.RELEASE.jar;E:\四班资料\apache-maven-3.6.1-bin\apache-maven-3.6.1\repository\org\yaml\snakeyaml\1.23\snakeyaml-1.23.jar;E:\四班资料\apache-maven-3.6.1-bin\apache-maven-3.6.1\repository\org\springframework\boot\spring-boot-starter-test\2.1.7.RELEASE\spring-boot-starter-test-2.1.7.RELEASE.jar;E:\四班资料\apache-maven-3.6.1-bin\apache-maven-3.6.1\repository\org\springframework\boot\spring-boot-test\2.1.7.RELEASE\spring-boot-test-2.1.7.RELEASE.jar;E:\四班资料\apache-maven-3.6.1-bin\apache-maven-3.6.1\repository\org\springframework\boot\spring-boot-test-autoconfigure\2.1.7.RELEASE\spring-boot-test-autoconfigure-2.1.7.RELEASE.jar;E:\四班资料\apache-maven-3.6.1-bin\apache-maven-3.6.1\repository\com\jayway\jsonpath\json-path\2.4.0\json-path-2.4.0.jar;E:\四班资料\apache-maven-3.6.1-bin\apache-maven-3.6.1\repository\net\minidev\json-smart\2.3\json-smart-2.3.jar;E:\四班资料\apache-maven-3.6.1-bin\apache-maven-3.6.1\repository\net\minidev\accessors-smart\1.2\accessors-smart-1.2.jar;E:\四班资料\apache-maven-3.6.1-bin\apache-maven-3.6.1\repository\org\ow2\asm\asm\5.0.4\asm-5.0.4.jar;E:\四班资料\apache-maven-3.6.1-bin\apache-maven-3.6.1\repository\org\slf4j\slf4j-api\1.7.26\slf4j-api-1.7.26.jar;E:\四班资料\apache-maven-3.6.1-bin\apache-maven-3.6.1\repository\junit\junit\4.12\junit-4.12.jar;E:\四班资料\apache-maven-3.6.1-bin\apache-maven-3.6.1\repository\org\assertj\assertj-core\3.11.1\assertj-core-3.11.1.jar;E:\四班资料\apache-maven-3.6.1-bin\apache-maven-3.6.1\repository\org\mockito\mockito-core\2.23.4\mockito-core-2.23.4.jar;E:\四班资料\apache-maven-3.6.1-bin\apache-maven-3.6.1\repository\net\bytebuddy\byte-buddy\1.9.16\byte-buddy-1.9.16.jar;E:\四班资料\apache-maven-3.6.1-bin\apache-maven-3.6.1\repository\net\bytebuddy\byte-buddy-agent\1.9.16\byte-buddy-agent-1.9.16.jar;E:\四班资料\apache-maven-3.6.1-bin\apache-maven-3.6.1\repository\org\objenesis\objenesis\2.6\objenesis-2.6.jar;E:\四班资料\apache-maven-3.6.1-bin\apache-maven-3.6.1\repository\org\hamcrest\hamcrest-core\1.3\hamcrest-core-1.3.jar;E:\四班资料\apache-maven-3.6.1-bin\apache-maven-3.6.1\repository\org\hamcrest\hamcrest-library\1.3\hamcrest-library-1.3.jar;E:\四班资料\apache-maven-3.6.1-bin\apache-maven-3.6.1\repository\org\skyscreamer\jsonassert\1.5.0\jsonassert-1.5.0.jar;E:\四班资料\apache-maven-3.6.1-bin\apache-maven-3.6.1\repository\com\vaadin\external\google\android-json\0.0.20131108.vaadin1\android-json-0.0.20131108.vaadin1.jar;E:\四班资料\apache-maven-3.6.1-bin\apache-maven-3.6.1\repository\org\springframework\spring-test\5.1.9.RELEASE\spring-test-5.1.9.RELEASE.jar;E:\四班资料\apache-maven-3.6.1-bin\apache-maven-3.6.1\repository\org\xmlunit\xmlunit-core\2.6.3\xmlunit-core-2.6.3.jar;"/>
    <property name="sun.cpu.endian" value="little"/>
    <property name="user.home" value="C:\Users\ASUS"/>
    <property name="user.language" value="zh"/>
    <property name="java.specification.vendor" value="Oracle Corporation"/>
    <property name="java.home" value="F:\JDK8\jre"/>
    <property name="basedir" value="E:\EE Test\spring-boot-start\my-spring-boot-start-autoconfigurer"/>
    <property name="file.separator" value="\"/>
    <property name="line.separator" value="&#10;"/>
    <property name="java.vm.specification.vendor" value="Oracle Corporation"/>
    <property name="java.specification.name" value="Java Platform API Specification"/>
    <property name="java.awt.graphicsenv" value="sun.awt.Win32GraphicsEnvironment"/>
    <property name="surefire.real.class.path" value="C:\Users\ASUS\AppData\Local\Temp\surefire1216206060055460530\surefirebooter4274754462167861536.jar"/>
    <property name="sun.boot.class.path" value="F:\JDK8\jre\lib\resources.jar;F:\JDK8\jre\lib\rt.jar;F:\JDK8\jre\lib\sunrsasign.jar;F:\JDK8\jre\lib\jsse.jar;F:\JDK8\jre\lib\jce.jar;F:\JDK8\jre\lib\charsets.jar;F:\JDK8\jre\lib\jfr.jar;F:\JDK8\jre\classes"/>
    <property name="user.script" value=""/>
    <property name="sun.management.compiler" value="HotSpot 64-Bit Tiered Compilers"/>
    <property name="java.runtime.version" value="1.8.0_201-b09"/>
    <property name="user.name" value="ASUS"/>
    <property name="path.separator" value=";"/>
    <property name="os.version" value="10.0"/>
    <property name="java.endorsed.dirs" value="F:\JDK8\jre\lib\endorsed"/>
    <property name="java.runtime.name" value="Java(TM) SE Runtime Environment"/>
    <property name="file.encoding" value="GBK"/>
    <property name="java.vm.name" value="Java HotSpot(TM) 64-Bit Server VM"/>
    <property name="localRepository" value="E:\四班资料\apache-maven-3.6.1-bin\apache-maven-3.6.1\repository"/>
    <property name="java.vendor.url.bug" value="http://bugreport.sun.com/bugreport/"/>
    <property name="java.io.tmpdir" value="C:\Users\ASUS\AppData\Local\Temp\"/>
    <property name="idea.version" value="2018.2.2"/>
    <property name="java.version" value="1.8.0_201"/>
    <property name="user.dir" value="E:\EE Test\spring-boot-start\my-spring-boot-start-autoconfigurer"/>
    <property name="os.arch" value="amd64"/>
    <property name="java.vm.specification.name" value="Java Virtual Machine Specification"/>
    <property name="java.awt.printerjob" value="sun.awt.windows.WPrinterJob"/>
    <property name="sun.os.patch.level" value=""/>
    <property name="java.library.path" value="F:\JDK8\jre\bin;C:\WINDOWS\Sun\Java\bin;C:\WINDOWS\system32;C:\WINDOWS;F:\xftp\;E:\Oracle\product\11.2.0\dbhome_1\bin;C:\ProgramData\Oracle\Java\javapath;C:\Program Files\Java\jdk-9.0.1\bin;C:\Python27\;C:\Python27\Scripts;C:\Program Files (x86)\Intel\iCLS Client\;C:\Program Files\Intel\iCLS Client\;C:\Windows\system32;C:\Windows;C:\Windows\System32\Wbem;C:\Windows\System32\WindowsPowerShell\v1.0\;C:\Program Files (x86)\NVIDIA Corporation\PhysX\Common;C:\Program Files (x86)\Intel\Intel(R) Management Engine Components\DAL;C:\Program Files\Intel\Intel(R) Management Engine Components\DAL;C:\Program Files (x86)\Intel\Intel(R) Management Engine Components\IPT;C:\Users\ASUS\Desktop\新建文件夹;E:\a;b;C:\WINDOWS\system32;C:\WINDOWS;C:\WINDOWS\System32\Wbem;C:\WINDOWS\System32\WindowsPowerShell\v1.0\;C:\WINDOWS\System32\OpenSSH\;C:\Program Files\MySQL\MySQL Server 5.1\bin;D:\Git\cmd;F:\torgit\bin;E:\四班资料\apache-maven-3.6.1-bin\apache-maven-3.6.1\bin;F:\VUE\;F:\IBM\common;C:\Users\ASUS\AppData\Local\Programs\Python\Launcher\;C:\Users\ASUS\AppData\Local\Microsoft\WindowsApps;;F:\Microsoft VS Code\bin;C:\Users\ASUS\AppData\Roaming\npm;."/>
    <property name="java.vm.info" value="mixed mode"/>
    <property name="java.vendor" value="Oracle Corporation"/>
    <property name="java.vm.version" value="25.201-b09"/>
    <property name="java.ext.dirs" value="F:\JDK8\jre\lib\ext;C:\WINDOWS\Sun\Java\lib\ext"/>
    <property name="sun.io.unicode.encoding" value="UnicodeLittle"/>
    <property name="java.class.version" value="52.0"/>
  </properties>
  <testcase name="initializationError" classname="com.my.start.MySpringBootStartAutoconfigurerApplicationTests" time="0.004">
    <error message="Unable to find a @SpringBootConfiguration, you need to use @ContextConfiguration or @SpringBootTest(classes=...) with your test" type="java.lang.IllegalStateException">java.lang.IllegalStateException: Unable to find a @SpringBootConfiguration, you need to use @ContextConfiguration or @SpringBootTest(classes=...) with your test
</error>
    <system-out><![CDATA[17:53:52.875 [main] DEBUG org.springframework.test.context.junit4.SpringJUnit4ClassRunner - SpringJUnit4ClassRunner constructor called with [class com.my.start.MySpringBootStartAutoconfigurerApplicationTests]
17:53:52.881 [main] DEBUG org.springframework.test.context.BootstrapUtils - Instantiating CacheAwareContextLoaderDelegate from class [org.springframework.test.context.cache.DefaultCacheAwareContextLoaderDelegate]
17:53:52.919 [main] DEBUG org.springframework.test.context.BootstrapUtils - Instantiating BootstrapContext using constructor [public org.springframework.test.context.support.DefaultBootstrapContext(java.lang.Class,org.springframework.test.context.CacheAwareContextLoaderDelegate)]
17:53:52.958 [main] DEBUG org.springframework.test.context.BootstrapUtils - Instantiating TestContextBootstrapper for test class [com.my.start.MySpringBootStartAutoconfigurerApplicationTests] from class [org.springframework.boot.test.context.SpringBootTestContextBootstrapper]
17:53:52.992 [main] INFO org.springframework.boot.test.context.SpringBootTestContextBootstrapper - Neither @ContextConfiguration nor @ContextHierarchy found for test class [com.my.start.MySpringBootStartAutoconfigurerApplicationTests], using SpringBootContextLoader
17:53:52.995 [main] DEBUG org.springframework.test.context.support.AbstractContextLoader - Did not detect default resource location for test class [com.my.start.MySpringBootStartAutoconfigurerApplicationTests]: class path resource [com/my/start/MySpringBootStartAutoconfigurerApplicationTests-context.xml] does not exist
17:53:52.996 [main] DEBUG org.springframework.test.context.support.AbstractContextLoader - Did not detect default resource location for test class [com.my.start.MySpringBootStartAutoconfigurerApplicationTests]: class path resource [com/my/start/MySpringBootStartAutoconfigurerApplicationTestsContext.groovy] does not exist
17:53:52.996 [main] INFO org.springframework.test.context.support.AbstractContextLoader - Could not detect default resource locations for test class [com.my.start.MySpringBootStartAutoconfigurerApplicationTests]: no resource found for suffixes {-context.xml, Context.groovy}.
17:53:52.997 [main] INFO org.springframework.test.context.support.AnnotationConfigContextLoaderUtils - Could not detect default configuration classes for test class [com.my.start.MySpringBootStartAutoconfigurerApplicationTests]: MySpringBootStartAutoconfigurerApplicationTests does not declare any static, non-private, non-final, nested classes annotated with @Configuration.
17:53:53.056 [main] DEBUG org.springframework.test.context.support.ActiveProfilesUtils - Could not find an 'annotation declaring class' for annotation type [org.springframework.test.context.ActiveProfiles] and class [com.my.start.MySpringBootStartAutoconfigurerApplicationTests]
]]></system-out>
  </testcase>
</testsuite>